<?xml version="1.0" encoding="UTF-8"?>
<testng-results skipped="0" failed="0" ignored="0" total="2" passed="2">
  <reporter-output>
  </reporter-output>
  <suite name="Zipidy" duration-ms="21173" started-at="2018-02-09T10:16:24Z" finished-at="2018-02-09T10:16:45Z">
    <groups>
    </groups>
    <test name="Login Test" duration-ms="21173" started-at="2018-02-09T10:16:24Z" finished-at="2018-02-09T10:16:45Z">
      <class name="testcase.login_test">
        <test-method status="PASS" signature="openBrowser(java.lang.String)[pri:0, instance:testcase.login_test@1c8e616]" name="openBrowser" is-config="true" duration-ms="8834" started-at="2018-02-09T15:46:24Z" finished-at="2018-02-09T15:46:33Z">
          <params>
            <param index="0">
              <value>
                <![CDATA[Chrome]]>
              </value>
            </param>
          </params>
          <reporter-output>
          </reporter-output>
        </test-method> <!-- openBrowser -->
        <test-method status="PASS" signature="setdriver()[pri:0, instance:testcase.login_test@1c8e616]" name="setdriver" is-config="true" duration-ms="0" started-at="2018-02-09T15:46:33Z" finished-at="2018-02-09T15:46:33Z">
          <reporter-output>
          </reporter-output>
        </test-method> <!-- setdriver -->
        <test-method status="PASS" signature="loginvalidationtest()[pri:1, instance:testcase.login_test@1c8e616]" name="loginvalidationtest" duration-ms="5509" started-at="2018-02-09T15:46:33Z" finished-at="2018-02-09T15:46:38Z">
          <reporter-output>
          </reporter-output>
        </test-method> <!-- loginvalidationtest -->
        <test-method status="PASS" signature="validlogin()[pri:2, instance:testcase.login_test@1c8e616]" name="validlogin" duration-ms="6130" started-at="2018-02-09T15:46:38Z" finished-at="2018-02-09T15:46:44Z">
          <reporter-output>
          </reporter-output>
        </test-method> <!-- validlogin -->
        <test-method status="PASS" signature="endtest()[pri:0, instance:testcase.login_test@1c8e616]" name="endtest" is-config="true" duration-ms="677" started-at="2018-02-09T15:46:44Z" finished-at="2018-02-09T15:46:45Z">
          <reporter-output>
          </reporter-output>
        </test-method> <!-- endtest -->
      </class> <!-- testcase.login_test -->
    </test> <!-- Login Test -->
  </suite> <!-- Zipidy -->
</testng-results>
