<?xml version="1.0" encoding="UTF-8"?>
<testng-results skipped="0" failed="0" ignored="0" total="2" passed="2">
  <reporter-output>
  </reporter-output>
  <suite name="Zipidy" duration-ms="22856" started-at="2018-02-08T10:41:06Z" finished-at="2018-02-08T10:41:29Z">
    <groups>
    </groups>
    <test name="Login Test" duration-ms="22856" started-at="2018-02-08T10:41:06Z" finished-at="2018-02-08T10:41:29Z">
      <class name="testcase.login_test">
        <test-method status="PASS" signature="openBrowser(java.lang.String)[pri:0, instance:testcase.login_test@17e2f02]" name="openBrowser" is-config="true" duration-ms="9468" started-at="2018-02-08T16:11:06Z" finished-at="2018-02-08T16:11:16Z">
          <params>
            <param index="0">
              <value>
                <![CDATA[Chrome]]>
              </value>
            </param>
          </params>
          <reporter-output>
          </reporter-output>
        </test-method> <!-- openBrowser -->
        <test-method status="PASS" signature="setdriver()[pri:0, instance:testcase.login_test@17e2f02]" name="setdriver" is-config="true" duration-ms="0" started-at="2018-02-08T16:11:16Z" finished-at="2018-02-08T16:11:16Z">
          <reporter-output>
          </reporter-output>
        </test-method> <!-- setdriver -->
        <test-method status="PASS" signature="loginvalidationtest()[pri:1, instance:testcase.login_test@17e2f02]" name="loginvalidationtest" duration-ms="5759" started-at="2018-02-08T16:11:16Z" finished-at="2018-02-08T16:11:22Z">
          <reporter-output>
          </reporter-output>
        </test-method> <!-- loginvalidationtest -->
        <test-method status="PASS" signature="validlogin()[pri:2, instance:testcase.login_test@17e2f02]" name="validlogin" duration-ms="7014" started-at="2018-02-08T16:11:22Z" finished-at="2018-02-08T16:11:29Z">
          <reporter-output>
          </reporter-output>
        </test-method> <!-- validlogin -->
        <test-method status="PASS" signature="endtest()[pri:0, instance:testcase.login_test@17e2f02]" name="endtest" is-config="true" duration-ms="595" started-at="2018-02-08T16:11:29Z" finished-at="2018-02-08T16:11:29Z">
          <reporter-output>
          </reporter-output>
        </test-method> <!-- endtest -->
      </class> <!-- testcase.login_test -->
    </test> <!-- Login Test -->
  </suite> <!-- Zipidy -->
</testng-results>
